AlpineF2K_HYP01-03_S1244,Alpine Fault (Fiordland to Kaniere),Hypocentre #1,Slip pattern #1244
AlpineF2K_HYP01-03_S1254,Alpine Fault (Fiordland to Kaniere),Hypocentre #1,Slip pattern #1254
AlpineF2K_HYP02-03_S1264,Alpine Fault (Fiordland to Kaniere),Hypocentre #2,Slip pattern #1264
AlpineF2K_HYP02-03_S1274,Alpine Fault (Fiordland to Kaniere),Hypocentre #2,Slip pattern #1274
AlpineF2K_HYP03-03_S1284,Alpine Fault (Fiordland to Kaniere),Hypocentre #3,Slip pattern #1284
AlpineF2K_HYP03-03_S1294,Alpine Fault (Fiordland to Kaniere),Hypocentre #3,Slip pattern #1294
AlpineK2T_HYP01-03_S1244,Alpine Fault (Kaniere to Tophouse),Hypocentre #1,Slip pattern #1244
AlpineK2T_HYP01-03_S1254,Alpine Fault (Kaniere to Tophouse),Hypocentre #1,Slip pattern #1254
AlpineK2T_HYP02-03_S1264,Alpine Fault (Kaniere to Tophouse),Hypocentre #2,Slip pattern #1264
AlpineK2T_HYP02-03_S1274,Alpine Fault (Kaniere to Tophouse),Hypocentre #2,Slip pattern #1274
AlpineK2T_HYP03-03_S1284,Alpine Fault (Kaniere to Tophouse),Hypocentre #3,Slip pattern #1284
AlpineK2T_HYP03-03_S1294,Alpine Fault (Kaniere to Tophouse),Hypocentre #3,Slip pattern #1294
Ashley_HYP01-03_S1244,Ashley,Hypocentre #1,Slip pattern #1244
Ashley_HYP01-03_S1254,Ashley,Hypocentre #1,Slip pattern #1254
Ashley_HYP02-03_S1264,Ashley,Hypocentre #2,Slip pattern #1264
Ashley_HYP02-03_S1274,Ashley,Hypocentre #2,Slip pattern #1274
Ashley_HYP03-03_S1284,Ashley,Hypocentre #3,Slip pattern #1284
Ashley_HYP03-03_S1294,Ashley,Hypocentre #3,Slip pattern #1294
ClarenceNE_HYP01-03_S1244,Clarence (Northeast),Hypocentre #1,Slip pattern #1244
ClarenceNE_HYP01-03_S1254,Clarence (Northeast),Hypocentre #1,Slip pattern #1254
ClarenceNE_HYP02-03_S1264,Clarence (Northeast),Hypocentre #2,Slip pattern #1264
ClarenceNE_HYP02-03_S1274,Clarence (Northeast),Hypocentre #2,Slip pattern #1274
ClarenceNE_HYP03-03_S1284,Clarence (Northeast),Hypocentre #3,Slip pattern #1284
ClarenceNE_HYP03-03_S1294,Clarence (Northeast),Hypocentre #3,Slip pattern #1294
Cust_HYP01-03_S1244,Custap,Hypocentre #1,Slip pattern #1244
Cust_HYP01-03_S1254,Custap,Hypocentre #1,Slip pattern #1254
Cust_HYP02-03_S1264,Custap,Hypocentre #2,Slip pattern #1264
Cust_HYP02-03_S1274,Custap,Hypocentre #2,Slip pattern #1274
Cust_HYP03-03_S1284,Custap,Hypocentre #3,Slip pattern #1284
Cust_HYP03-03_S1294,Custap,Hypocentre #3,Slip pattern #1294
Hope1888_HYP01-03_S1244,Hope Fault (1888 Earthquake),Hypocentre #1,Slip pattern #1244
Hope1888_HYP01-03_S1254,Hope Fault (1888 Earthquake),Hypocentre #1,Slip pattern #1254
Hope1888_HYP02-03_S1264,Hope Fault (1888 Earthquake),Hypocentre #2,Slip pattern #1264
Hope1888_HYP02-03_S1274,Hope Fault (1888 Earthquake),Hypocentre #2,Slip pattern #1274
Hope1888_HYP03-03_S1284,Hope Fault (1888 Earthquake),Hypocentre #3,Slip pattern #1284
Hope1888_HYP03-03_S1294,Hope Fault (1888 Earthquake),Hypocentre #3,Slip pattern #1294
HopeConway_HYP01-03_S1244,Hope Conway,Hypocentre #1,Slip pattern #1244
HopeConway_HYP01-03_S1254,Hope Conway,Hypocentre #1,Slip pattern #1254
HopeConway_HYP02-03_S1264,Hope Conway,Hypocentre #2,Slip pattern #1264
HopeConway_HYP02-03_S1274,Hope Conway,Hypocentre #2,Slip pattern #1274
HopeConway_HYP03-03_S1284,Hope Conway,Hypocentre #3,Slip pattern #1284
HopeConway_HYP03-03_S1294,Hope Conway,Hypocentre #3,Slip pattern #1294
HopeConwayOS_HYP01-03_S1244,Hope Conway (OS),Hypocentre #1,Slip pattern #1244
HopeConwayOS_HYP01-03_S1254,Hope Conway (OS),Hypocentre #1,Slip pattern #1254
HopeConwayOS_HYP02-03_S1264,Hope Conway (OS),Hypocentre #2,Slip pattern #1264
HopeConwayOS_HYP02-03_S1274,Hope Conway (OS),Hypocentre #2,Slip pattern #1274
HopeConwayOS_HYP03-03_S1284,Hope Conway (OS),Hypocentre #3,Slip pattern #1284
HopeConwayOS_HYP03-03_S1294,Hope Conway (OS),Hypocentre #3,Slip pattern #1294
HopeCW_HYP01-03_S1244,Hope Conway (Again),Hypocentre #1,Slip pattern #1244
HopeCW_HYP01-03_S1254,Hope Conway (Again),Hypocentre #1,Slip pattern #1254
HopeCW_HYP02-03_S1264,Hope Conway (Again),Hypocentre #2,Slip pattern #1264
HopeCW_HYP02-03_S1274,Hope Conway (Again),Hypocentre #2,Slip pattern #1274
HopeCW_HYP03-03_S1284,Hope Conway (Again),Hypocentre #3,Slip pattern #1284
HopeCW_HYP03-03_S1294,Hope Conway (Again),Hypocentre #3,Slip pattern #1294
JorKekNeed_HYP01-03_S1244,Jordan Kek Need,Hypocentre #1,Slip pattern #1244
JorKekNeed_HYP01-03_S1254,Jordan Kek Need,Hypocentre #1,Slip pattern #1254
JorKekNeed_HYP02-03_S1264,Jordan Kek Need,Hypocentre #2,Slip pattern #1264
JorKekNeed_HYP02-03_S1274,Jordan Kek Need,Hypocentre #2,Slip pattern #1274
JorKekNeed_HYP03-03_S1284,Jordan Kek Need,Hypocentre #3,Slip pattern #1284
JorKekNeed_HYP03-03_S1294,Jordan Kek Need,Hypocentre #3,Slip pattern #1294
Kelly_HYP01-03_S1244,Kelly,Hypocentre #1,Slip pattern #1244
Kelly_HYP01-03_S1254,Kelly,Hypocentre #1,Slip pattern #1254
Kelly_HYP02-03_S1264,Kelly,Hypocentre #2,Slip pattern #1264
Kelly_HYP02-03_S1274,Kelly,Hypocentre #2,Slip pattern #1274
Kelly_HYP03-03_S1284,Kelly,Hypocentre #3,Slip pattern #1284
Kelly_HYP03-03_S1294,Kelly,Hypocentre #3,Slip pattern #1294
Pegasus1nw_HYP01-03_S1244,Pegasus1nw,Hypocentre #1,Slip pattern #1244
Pegasus1nw_HYP01-03_S1254,Pegasus1nw,Hypocentre #1,Slip pattern #1254
Pegasus1nw_HYP02-03_S1264,Pegasus1nw,Hypocentre #2,Slip pattern #1264
Pegasus1nw_HYP02-03_S1274,Pegasus1nw,Hypocentre #2,Slip pattern #1274
Pegasus1nw_HYP03-03_S1284,Pegasus1nw,Hypocentre #3,Slip pattern #1284
Pegasus1nw_HYP03-03_S1294,Pegasus1nw,Hypocentre #3,Slip pattern #1294
Port2GreyL_HYP01-03_S1244,Port2GreyL,Hypocentre #1,Slip pattern #1244
Port2GreyL_HYP01-03_S1254,Port2GreyL,Hypocentre #1,Slip pattern #1254
Port2GreyL_HYP02-03_S1264,Port2GreyL,Hypocentre #2,Slip pattern #1264
Port2GreyL_HYP02-03_S1274,Port2GreyL,Hypocentre #2,Slip pattern #1274
Port2GreyL_HYP03-03_S1284,Port2GreyL,Hypocentre #3,Slip pattern #1284
Port2GreyL_HYP03-03_S1294,Port2GreyL,Hypocentre #3,Slip pattern #1294
Port2GreyS_HYP01-03_S1244,Port2GreyS,Hypocentre #1,Slip pattern #1244
Port2GreyS_HYP01-03_S1254,Port2GreyS,Hypocentre #1,Slip pattern #1254
Port2GreyS_HYP02-03_S1264,Port2GreyS,Hypocentre #2,Slip pattern #1264
Port2GreyS_HYP02-03_S1274,Port2GreyS,Hypocentre #2,Slip pattern #1274
Port2GreyS_HYP03-03_S1284,Port2GreyS,Hypocentre #3,Slip pattern #1284
Port2GreyS_HYP03-03_S1294,Port2GreyS,Hypocentre #3,Slip pattern #1294
Springbank_HYP01-03_S1244,Springbank,Hypocentre #1,Slip pattern #1244
Springbank_HYP01-03_S1254,Springbank,Hypocentre #1,Slip pattern #1254
Springbank_HYP02-03_S1264,Springbank,Hypocentre #2,Slip pattern #1264
Springbank_HYP02-03_S1274,Springbank,Hypocentre #2,Slip pattern #1274
Springbank_HYP03-03_S1284,Springbank,Hypocentre #3,Slip pattern #1284
Springbank_HYP03-03_S1294,Springbank,Hypocentre #3,Slip pattern #1294
