Albury_HYP01-01_S1254,Albury,Hypocentre #1,Slip pattern #1254
Albury_HYP01-01_S1244,Albury,Hypocentre #1,Slip pattern #1244
Albury_HYP01-01_S1264,Albury,Hypocentre #1,Slip pattern #1264
AlpineF2K_HYP05-21_S1384,Alpine Fiordland to Kaniere,Hypocentre #5,Slip pattern #1384
AlpineF2K_HYP10-21_S1534,Alpine Fiordland to Kaniere,Hypocentre #10,Slip pattern #1534
AlpineF2K_HYP11-21_S1544,Alpine Fiordland to Kaniere,Hypocentre #11,Slip pattern #1544
AlpineF2K_HYP15-21_S1664,Alpine Fiordland to Kaniere,Hypocentre #15,Slip pattern #1664
AlpineF2K_HYP05-21_S1364,Alpine Fiordland to Kaniere,Hypocentre #5,Slip pattern #1364
AlpineF2K_HYP02-21_S1294,Alpine Fiordland to Kaniere,Hypocentre #2,Slip pattern #1294
AlpineF2K_HYP19-21_S1784,Alpine Fiordland to Kaniere,Hypocentre #19,Slip pattern #1784
AlpineF2K_HYP04-21_S1334,Alpine Fiordland to Kaniere,Hypocentre #4,Slip pattern #1334
AlpineF2K_HYP02-21_S1284,Alpine Fiordland to Kaniere,Hypocentre #2,Slip pattern #1284
AlpineF2K_HYP06-21_S1404,Alpine Fiordland to Kaniere,Hypocentre #6,Slip pattern #1404
AlpineF2K_HYP01-21_S1254,Alpine Fiordland to Kaniere,Hypocentre #1,Slip pattern #1254
AlpineF2K_HYP06-21_S1394,Alpine Fiordland to Kaniere,Hypocentre #6,Slip pattern #1394
AlpineF2K_HYP16-21_S1714,Alpine Fiordland to Kaniere,Hypocentre #16,Slip pattern #1714
AlpineF2K_HYP04-21_S1354,Alpine Fiordland to Kaniere,Hypocentre #4,Slip pattern #1354
AlpineF2K_HYP03-21_S1314,Alpine Fiordland to Kaniere,Hypocentre #3,Slip pattern #1314
AlpineF2K_HYP13-21_S1614,Alpine Fiordland to Kaniere,Hypocentre #13,Slip pattern #1614
AlpineF2K_HYP06-21_S1414,Alpine Fiordland to Kaniere,Hypocentre #6,Slip pattern #1414
AlpineF2K_HYP14-21_S1634,Alpine Fiordland to Kaniere,Hypocentre #14,Slip pattern #1634
AlpineF2K_HYP10-21_S1524,Alpine Fiordland to Kaniere,Hypocentre #10,Slip pattern #1524
AlpineF2K_HYP11-21_S1564,Alpine Fiordland to Kaniere,Hypocentre #11,Slip pattern #1564
AlpineF2K_HYP03-21_S1324,Alpine Fiordland to Kaniere,Hypocentre #3,Slip pattern #1324
AlpineF2K_HYP20-21_S1824,Alpine Fiordland to Kaniere,Hypocentre #20,Slip pattern #1824
AlpineF2K_HYP18-21_S1754,Alpine Fiordland to Kaniere,Hypocentre #18,Slip pattern #1754
AlpineF2K_HYP20-21_S1834,Alpine Fiordland to Kaniere,Hypocentre #20,Slip pattern #1834
AlpineF2K_HYP05-21_S1374,Alpine Fiordland to Kaniere,Hypocentre #5,Slip pattern #1374
AlpineF2K_HYP21-21_S1854,Alpine Fiordland to Kaniere,Hypocentre #21,Slip pattern #1854
AlpineF2K_HYP07-21_S1424,Alpine Fiordland to Kaniere,Hypocentre #7,Slip pattern #1424
AlpineF2K_HYP01-21_S1244,Alpine Fiordland to Kaniere,Hypocentre #1,Slip pattern #1244
AlpineF2K_HYP09-21_S1484,Alpine Fiordland to Kaniere,Hypocentre #9,Slip pattern #1484
AlpineF2K_HYP17-21_S1734,Alpine Fiordland to Kaniere,Hypocentre #17,Slip pattern #1734
AlpineF2K_HYP16-21_S1694,Alpine Fiordland to Kaniere,Hypocentre #16,Slip pattern #1694
AlpineF2K_HYP12-21_S1574,Alpine Fiordland to Kaniere,Hypocentre #12,Slip pattern #1574
AlpineF2K_HYP03-21_S1304,Alpine Fiordland to Kaniere,Hypocentre #3,Slip pattern #1304
AlpineF2K_HYP02-21_S1274,Alpine Fiordland to Kaniere,Hypocentre #2,Slip pattern #1274
AlpineF2K_HYP13-21_S1624,Alpine Fiordland to Kaniere,Hypocentre #13,Slip pattern #1624
AlpineF2K_HYP19-21_S1794,Alpine Fiordland to Kaniere,Hypocentre #19,Slip pattern #1794
AlpineF2K_HYP10-21_S1514,Alpine Fiordland to Kaniere,Hypocentre #10,Slip pattern #1514
AlpineF2K_HYP08-21_S1464,Alpine Fiordland to Kaniere,Hypocentre #8,Slip pattern #1464
AlpineF2K_HYP14-21_S1644,Alpine Fiordland to Kaniere,Hypocentre #14,Slip pattern #1644
AlpineF2K_HYP13-21_S1604,Alpine Fiordland to Kaniere,Hypocentre #13,Slip pattern #1604
AlpineF2K_HYP18-21_S1774,Alpine Fiordland to Kaniere,Hypocentre #18,Slip pattern #1774
AlpineF2K_HYP21-21_S1864,Alpine Fiordland to Kaniere,Hypocentre #21,Slip pattern #1864
AlpineF2K_HYP16-21_S1704,Alpine Fiordland to Kaniere,Hypocentre #16,Slip pattern #1704
AlpineF2K_HYP17-21_S1724,Alpine Fiordland to Kaniere,Hypocentre #17,Slip pattern #1724
AlpineF2K_HYP18-21_S1764,Alpine Fiordland to Kaniere,Hypocentre #18,Slip pattern #1764
AlpineF2K_HYP08-21_S1454,Alpine Fiordland to Kaniere,Hypocentre #8,Slip pattern #1454
AlpineF2K_HYP20-21_S1814,Alpine Fiordland to Kaniere,Hypocentre #20,Slip pattern #1814
AlpineF2K_HYP07-21_S1434,Alpine Fiordland to Kaniere,Hypocentre #7,Slip pattern #1434
AlpineF2K_HYP07-21_S1444,Alpine Fiordland to Kaniere,Hypocentre #7,Slip pattern #1444
AlpineF2K_HYP17-21_S1744,Alpine Fiordland to Kaniere,Hypocentre #17,Slip pattern #1744
AlpineF2K_HYP04-21_S1344,Alpine Fiordland to Kaniere,Hypocentre #4,Slip pattern #1344
AlpineF2K_HYP15-21_S1684,Alpine Fiordland to Kaniere,Hypocentre #15,Slip pattern #1684
AlpineF2K_HYP08-21_S1474,Alpine Fiordland to Kaniere,Hypocentre #8,Slip pattern #1474
AlpineF2K_HYP14-21_S1654,Alpine Fiordland to Kaniere,Hypocentre #14,Slip pattern #1654
AlpineF2K_HYP19-21_S1804,Alpine Fiordland to Kaniere,Hypocentre #19,Slip pattern #1804
AlpineF2K_HYP12-21_S1594,Alpine Fiordland to Kaniere,Hypocentre #12,Slip pattern #1594
AlpineF2K_HYP09-21_S1494,Alpine Fiordland to Kaniere,Hypocentre #9,Slip pattern #1494
AlpineF2K_HYP15-21_S1674,Alpine Fiordland to Kaniere,Hypocentre #15,Slip pattern #1674
AlpineF2K_HYP21-21_S1844,Alpine Fiordland to Kaniere,Hypocentre #21,Slip pattern #1844
AlpineF2K_HYP11-21_S1554,Alpine Fiordland to Kaniere,Hypocentre #11,Slip pattern #1554
AlpineF2K_HYP01-21_S1264,Alpine Fiordland to Kaniere,Hypocentre #1,Slip pattern #1264
AlpineF2K_HYP12-21_S1584,Alpine Fiordland to Kaniere,Hypocentre #12,Slip pattern #1584
AlpineF2K_HYP09-21_S1504,Alpine Fiordland to Kaniere,Hypocentre #9,Slip pattern #1504
AlpineK2T_HYP08-10_S1464,Alpine Kaniere to Tophouse,Hypocentre #8,Slip pattern #1464
AlpineK2T_HYP05-10_S1384,Alpine Kaniere to Tophouse,Hypocentre #5,Slip pattern #1384
AlpineK2T_HYP05-10_S1364,Alpine Kaniere to Tophouse,Hypocentre #5,Slip pattern #1364
AlpineK2T_HYP02-10_S1284,Alpine Kaniere to Tophouse,Hypocentre #2,Slip pattern #1284
AlpineK2T_HYP03-10_S1324,Alpine Kaniere to Tophouse,Hypocentre #3,Slip pattern #1324
AlpineK2T_HYP02-10_S1294,Alpine Kaniere to Tophouse,Hypocentre #2,Slip pattern #1294
AlpineK2T_HYP07-10_S1424,Alpine Kaniere to Tophouse,Hypocentre #7,Slip pattern #1424
AlpineK2T_HYP06-10_S1394,Alpine Kaniere to Tophouse,Hypocentre #6,Slip pattern #1394
AlpineK2T_HYP03-10_S1314,Alpine Kaniere to Tophouse,Hypocentre #3,Slip pattern #1314
AlpineK2T_HYP08-10_S1454,Alpine Kaniere to Tophouse,Hypocentre #8,Slip pattern #1454
AlpineK2T_HYP10-10_S1534,Alpine Kaniere to Tophouse,Hypocentre #10,Slip pattern #1534
AlpineK2T_HYP01-10_S1264,Alpine Kaniere to Tophouse,Hypocentre #1,Slip pattern #1264
AlpineK2T_HYP02-10_S1274,Alpine Kaniere to Tophouse,Hypocentre #2,Slip pattern #1274
AlpineK2T_HYP10-10_S1514,Alpine Kaniere to Tophouse,Hypocentre #10,Slip pattern #1514
AlpineK2T_HYP10-10_S1524,Alpine Kaniere to Tophouse,Hypocentre #10,Slip pattern #1524
AlpineK2T_HYP09-10_S1494,Alpine Kaniere to Tophouse,Hypocentre #9,Slip pattern #1494
AlpineK2T_HYP09-10_S1484,Alpine Kaniere to Tophouse,Hypocentre #9,Slip pattern #1484
AlpineK2T_HYP04-10_S1354,Alpine Kaniere to Tophouse,Hypocentre #4,Slip pattern #1354
AlpineK2T_HYP01-10_S1254,Alpine Kaniere to Tophouse,Hypocentre #1,Slip pattern #1254
AlpineK2T_HYP01-10_S1244,Alpine Kaniere to Tophouse,Hypocentre #1,Slip pattern #1244
AlpineK2T_HYP04-10_S1344,Alpine Kaniere to Tophouse,Hypocentre #4,Slip pattern #1344
AlpineK2T_HYP09-10_S1504,Alpine Kaniere to Tophouse,Hypocentre #9,Slip pattern #1504
AlpineK2T_HYP04-10_S1334,Alpine Kaniere to Tophouse,Hypocentre #4,Slip pattern #1334
AlpineK2T_HYP07-10_S1444,Alpine Kaniere to Tophouse,Hypocentre #7,Slip pattern #1444
AlpineK2T_HYP07-10_S1434,Alpine Kaniere to Tophouse,Hypocentre #7,Slip pattern #1434
AlpineK2T_HYP08-10_S1474,Alpine Kaniere to Tophouse,Hypocentre #8,Slip pattern #1474
AlpineK2T_HYP03-10_S1304,Alpine Kaniere to Tophouse,Hypocentre #3,Slip pattern #1304
AlpineK2T_HYP06-10_S1414,Alpine Kaniere to Tophouse,Hypocentre #6,Slip pattern #1414
AlpineK2T_HYP05-10_S1374,Alpine Kaniere to Tophouse,Hypocentre #5,Slip pattern #1374
AlpineK2T_HYP06-10_S1404,Alpine Kaniere to Tophouse,Hypocentre #6,Slip pattern #1404
Ashley_HYP02-02_S1284,Ashley,Hypocentre #2,Slip pattern #1284
Ashley_HYP01-02_S1254,Ashley,Hypocentre #1,Slip pattern #1254
Ashley_HYP02-02_S1274,Ashley,Hypocentre #2,Slip pattern #1274
Ashley_HYP02-02_S1294,Ashley,Hypocentre #2,Slip pattern #1294
Ashley_HYP01-02_S1264,Ashley,Hypocentre #1,Slip pattern #1264
Ashley_HYP01-02_S1244,Ashley,Hypocentre #1,Slip pattern #1244
AwatereNE_HYP04-05_S1344,Awatere Northeast,Hypocentre #4,Slip pattern #1344
AwatereNE_HYP02-05_S1294,Awatere Northeast,Hypocentre #2,Slip pattern #1294
AwatereNE_HYP05-05_S1374,Awatere Northeast,Hypocentre #5,Slip pattern #1374
AwatereNE_HYP01-05_S1254,Awatere Northeast,Hypocentre #1,Slip pattern #1254
AwatereNE_HYP05-05_S1384,Awatere Northeast,Hypocentre #5,Slip pattern #1384
AwatereNE_HYP04-05_S1334,Awatere Northeast,Hypocentre #4,Slip pattern #1334
AwatereNE_HYP03-05_S1324,Awatere Northeast,Hypocentre #3,Slip pattern #1324
AwatereNE_HYP01-05_S1264,Awatere Northeast,Hypocentre #1,Slip pattern #1264
AwatereNE_HYP03-05_S1304,Awatere Northeast,Hypocentre #3,Slip pattern #1304
AwatereNE_HYP02-05_S1284,Awatere Northeast,Hypocentre #2,Slip pattern #1284
AwatereNE_HYP05-05_S1364,Awatere Northeast,Hypocentre #5,Slip pattern #1364
AwatereNE_HYP04-05_S1354,Awatere Northeast,Hypocentre #4,Slip pattern #1354
AwatereNE_HYP01-05_S1244,Awatere Northeast,Hypocentre #1,Slip pattern #1244
AwatereNE_HYP02-05_S1274,Awatere Northeast,Hypocentre #2,Slip pattern #1274
AwatereNE_HYP03-05_S1314,Awatere Northeast,Hypocentre #3,Slip pattern #1314
AwatereSW_HYP01-05_S1254,Awatere Southwest,Hypocentre #1,Slip pattern #1254
AwatereSW_HYP02-05_S1274,Awatere Southwest,Hypocentre #2,Slip pattern #1274
AwatereSW_HYP02-05_S1294,Awatere Southwest,Hypocentre #2,Slip pattern #1294
AwatereSW_HYP03-05_S1324,Awatere Southwest,Hypocentre #3,Slip pattern #1324
AwatereSW_HYP03-05_S1304,Awatere Southwest,Hypocentre #3,Slip pattern #1304
AwatereSW_HYP05-05_S1384,Awatere Southwest,Hypocentre #5,Slip pattern #1384
AwatereSW_HYP02-05_S1284,Awatere Southwest,Hypocentre #2,Slip pattern #1284
AwatereSW_HYP03-05_S1314,Awatere Southwest,Hypocentre #3,Slip pattern #1314
AwatereSW_HYP04-05_S1344,Awatere Southwest,Hypocentre #4,Slip pattern #1344
AwatereSW_HYP04-05_S1334,Awatere Southwest,Hypocentre #4,Slip pattern #1334
AwatereSW_HYP01-05_S1264,Awatere Southwest,Hypocentre #1,Slip pattern #1264
AwatereSW_HYP05-05_S1364,Awatere Southwest,Hypocentre #5,Slip pattern #1364
AwatereSW_HYP04-05_S1354,Awatere Southwest,Hypocentre #4,Slip pattern #1354
AwatereSW_HYP05-05_S1374,Awatere Southwest,Hypocentre #5,Slip pattern #1374
AwatereSW_HYP01-05_S1244,Awatere Southwest,Hypocentre #1,Slip pattern #1244
AwatNEVer_HYP04-06_S1344,Awatere Northeast-Vernon,Hypocentre #4,Slip pattern #1344
AwatNEVer_HYP02-06_S1284,Awatere Northeast-Vernon,Hypocentre #2,Slip pattern #1284
AwatNEVer_HYP06-06_S1404,Awatere Northeast-Vernon,Hypocentre #6,Slip pattern #1404
AwatNEVer_HYP05-06_S1384,Awatere Northeast-Vernon,Hypocentre #5,Slip pattern #1384
AwatNEVer_HYP05-06_S1374,Awatere Northeast-Vernon,Hypocentre #5,Slip pattern #1374
AwatNEVer_HYP01-06_S1244,Awatere Northeast-Vernon,Hypocentre #1,Slip pattern #1244
AwatNEVer_HYP06-06_S1394,Awatere Northeast-Vernon,Hypocentre #6,Slip pattern #1394
AwatNEVer_HYP05-06_S1364,Awatere Northeast-Vernon,Hypocentre #5,Slip pattern #1364
AwatNEVer_HYP03-06_S1304,Awatere Northeast-Vernon,Hypocentre #3,Slip pattern #1304
AwatNEVer_HYP04-06_S1334,Awatere Northeast-Vernon,Hypocentre #4,Slip pattern #1334
AwatNEVer_HYP03-06_S1324,Awatere Northeast-Vernon,Hypocentre #3,Slip pattern #1324
AwatNEVer_HYP03-06_S1314,Awatere Northeast-Vernon,Hypocentre #3,Slip pattern #1314
AwatNEVer_HYP06-06_S1414,Awatere Northeast-Vernon,Hypocentre #6,Slip pattern #1414
AwatNEVer_HYP01-06_S1254,Awatere Northeast-Vernon,Hypocentre #1,Slip pattern #1254
AwatNEVer_HYP01-06_S1264,Awatere Northeast-Vernon,Hypocentre #1,Slip pattern #1264
AwatNEVer_HYP02-06_S1274,Awatere Northeast-Vernon,Hypocentre #2,Slip pattern #1274
AwatNEVer_HYP04-06_S1354,Awatere Northeast-Vernon,Hypocentre #4,Slip pattern #1354
AwatNEVer_HYP02-06_S1294,Awatere Northeast-Vernon,Hypocentre #2,Slip pattern #1294
AwatNEVerCl_HYP04-07_S1354,Awatere Northeast-Vernon-Cloudy,Hypocentre #4,Slip pattern #1354
AwatNEVerCl_HYP02-07_S1294,Awatere Northeast-Vernon-Cloudy,Hypocentre #2,Slip pattern #1294
AwatNEVerCl_HYP02-07_S1274,Awatere Northeast-Vernon-Cloudy,Hypocentre #2,Slip pattern #1274
AwatNEVerCl_HYP03-07_S1304,Awatere Northeast-Vernon-Cloudy,Hypocentre #3,Slip pattern #1304
AwatNEVerCl_HYP03-07_S1314,Awatere Northeast-Vernon-Cloudy,Hypocentre #3,Slip pattern #1314
AwatNEVerCl_HYP04-07_S1344,Awatere Northeast-Vernon-Cloudy,Hypocentre #4,Slip pattern #1344
AwatNEVerCl_HYP05-07_S1364,Awatere Northeast-Vernon-Cloudy,Hypocentre #5,Slip pattern #1364
AwatNEVerCl_HYP05-07_S1384,Awatere Northeast-Vernon-Cloudy,Hypocentre #5,Slip pattern #1384
AwatNEVerCl_HYP07-07_S1444,Awatere Northeast-Vernon-Cloudy,Hypocentre #7,Slip pattern #1444
AwatNEVerCl_HYP01-07_S1254,Awatere Northeast-Vernon-Cloudy,Hypocentre #1,Slip pattern #1254
AwatNEVerCl_HYP06-07_S1404,Awatere Northeast-Vernon-Cloudy,Hypocentre #6,Slip pattern #1404
AwatNEVerCl_HYP02-07_S1284,Awatere Northeast-Vernon-Cloudy,Hypocentre #2,Slip pattern #1284
AwatNEVerCl_HYP06-07_S1394,Awatere Northeast-Vernon-Cloudy,Hypocentre #6,Slip pattern #1394
AwatNEVerCl_HYP05-07_S1374,Awatere Northeast-Vernon-Cloudy,Hypocentre #5,Slip pattern #1374
AwatNEVerCl_HYP04-07_S1334,Awatere Northeast-Vernon-Cloudy,Hypocentre #4,Slip pattern #1334
AwatNEVerCl_HYP01-07_S1244,Awatere Northeast-Vernon-Cloudy,Hypocentre #1,Slip pattern #1244
AwatNEVerCl_HYP06-07_S1414,Awatere Northeast-Vernon-Cloudy,Hypocentre #6,Slip pattern #1414
AwatNEVerCl_HYP07-07_S1434,Awatere Northeast-Vernon-Cloudy,Hypocentre #7,Slip pattern #1434
AwatNEVerCl_HYP01-07_S1264,Awatere Northeast-Vernon-Cloudy,Hypocentre #1,Slip pattern #1264
AwatNEVerCl_HYP03-07_S1324,Awatere Northeast-Vernon-Cloudy,Hypocentre #3,Slip pattern #1324
AwatNEVerCl_HYP07-07_S1424,Awatere Northeast-Vernon-Cloudy,Hypocentre #7,Slip pattern #1424
Barefell_HYP02-02_S1274,Barefell,Hypocentre #2,Slip pattern #1274
Barefell_HYP02-02_S1284,Barefell,Hypocentre #2,Slip pattern #1284
Barefell_HYP02-02_S1294,Barefell,Hypocentre #2,Slip pattern #1294
Barefell_HYP01-02_S1254,Barefell,Hypocentre #1,Slip pattern #1254
Barefell_HYP01-02_S1244,Barefell,Hypocentre #1,Slip pattern #1244
Barefell_HYP01-02_S1264,Barefell,Hypocentre #1,Slip pattern #1264
Brothers_HYP02-02_S1294,Brothers,Hypocentre #2,Slip pattern #1294
Brothers_HYP01-02_S1254,Brothers,Hypocentre #1,Slip pattern #1254
Brothers_HYP02-02_S1284,Brothers,Hypocentre #2,Slip pattern #1284
Brothers_HYP01-02_S1264,Brothers,Hypocentre #1,Slip pattern #1264
Brothers_HYP01-02_S1244,Brothers,Hypocentre #1,Slip pattern #1244
Brothers_HYP02-02_S1274,Brothers,Hypocentre #2,Slip pattern #1274
Browning_HYP02-02_S1284,Browning,Hypocentre #2,Slip pattern #1284
Browning_HYP01-02_S1244,Browning,Hypocentre #1,Slip pattern #1244
Browning_HYP01-02_S1254,Browning,Hypocentre #1,Slip pattern #1254
Browning_HYP01-02_S1264,Browning,Hypocentre #1,Slip pattern #1264
Browning_HYP02-02_S1294,Browning,Hypocentre #2,Slip pattern #1294
Browning_HYP02-02_S1274,Browning,Hypocentre #2,Slip pattern #1274
BrunAnt_HYP02-03_S1274,Brunna Anticline,Hypocentre #2,Slip pattern #1274
BrunAnt_HYP03-03_S1324,Brunna Anticline,Hypocentre #3,Slip pattern #1324
BrunAnt_HYP03-03_S1304,Brunna Anticline,Hypocentre #3,Slip pattern #1304
BrunAnt_HYP01-03_S1264,Brunna Anticline,Hypocentre #1,Slip pattern #1264
BrunAnt_HYP03-03_S1314,Brunna Anticline,Hypocentre #3,Slip pattern #1314
BrunAnt_HYP02-03_S1294,Brunna Anticline,Hypocentre #2,Slip pattern #1294
BrunAnt_HYP01-03_S1244,Brunna Anticline,Hypocentre #1,Slip pattern #1244
BrunAnt_HYP01-03_S1254,Brunna Anticline,Hypocentre #1,Slip pattern #1254
BrunAnt_HYP02-03_S1284,Brunna Anticline,Hypocentre #2,Slip pattern #1284
Cheeseman_HYP01-02_S1254,Cheeseman,Hypocentre #1,Slip pattern #1254
Cheeseman_HYP01-02_S1244,Cheeseman,Hypocentre #1,Slip pattern #1244
Cheeseman_HYP02-02_S1294,Cheeseman,Hypocentre #2,Slip pattern #1294
Cheeseman_HYP02-02_S1274,Cheeseman,Hypocentre #2,Slip pattern #1274
Cheeseman_HYP01-02_S1264,Cheeseman,Hypocentre #1,Slip pattern #1264
Cheeseman_HYP02-02_S1284,Cheeseman,Hypocentre #2,Slip pattern #1284
ClarenceCentr_HYP03-03_S1324,Clarence Central,Hypocentre #3,Slip pattern #1324
ClarenceCentr_HYP01-03_S1244,Clarence Central,Hypocentre #1,Slip pattern #1244
ClarenceCentr_HYP02-03_S1284,Clarence Central,Hypocentre #2,Slip pattern #1284
ClarenceCentr_HYP03-03_S1304,Clarence Central,Hypocentre #3,Slip pattern #1304
ClarenceCentr_HYP01-03_S1264,Clarence Central,Hypocentre #1,Slip pattern #1264
ClarenceCentr_HYP01-03_S1254,Clarence Central,Hypocentre #1,Slip pattern #1254
ClarenceCentr_HYP02-03_S1274,Clarence Central,Hypocentre #2,Slip pattern #1274
ClarenceCentr_HYP02-03_S1294,Clarence Central,Hypocentre #2,Slip pattern #1294
ClarenceCentr_HYP03-03_S1314,Clarence Central,Hypocentre #3,Slip pattern #1314
ClarenceNE_HYP02-07_S1284,Clarence Northeast,Hypocentre #2,Slip pattern #1284
ClarenceNE_HYP03-07_S1304,Clarence Northeast,Hypocentre #3,Slip pattern #1304
ClarenceNE_HYP01-07_S1254,Clarence Northeast,Hypocentre #1,Slip pattern #1254
ClarenceNE_HYP04-07_S1354,Clarence Northeast,Hypocentre #4,Slip pattern #1354
ClarenceNE_HYP07-07_S1444,Clarence Northeast,Hypocentre #7,Slip pattern #1444
ClarenceNE_HYP05-07_S1384,Clarence Northeast,Hypocentre #5,Slip pattern #1384
ClarenceNE_HYP02-07_S1274,Clarence Northeast,Hypocentre #2,Slip pattern #1274
ClarenceNE_HYP05-07_S1374,Clarence Northeast,Hypocentre #5,Slip pattern #1374
ClarenceNE_HYP01-07_S1264,Clarence Northeast,Hypocentre #1,Slip pattern #1264
ClarenceNE_HYP03-07_S1324,Clarence Northeast,Hypocentre #3,Slip pattern #1324
ClarenceNE_HYP03-07_S1314,Clarence Northeast,Hypocentre #3,Slip pattern #1314
ClarenceNE_HYP02-07_S1294,Clarence Northeast,Hypocentre #2,Slip pattern #1294
ClarenceNE_HYP06-07_S1394,Clarence Northeast,Hypocentre #6,Slip pattern #1394
ClarenceNE_HYP01-07_S1244,Clarence Northeast,Hypocentre #1,Slip pattern #1244
ClarenceNE_HYP05-07_S1364,Clarence Northeast,Hypocentre #5,Slip pattern #1364
ClarenceNE_HYP06-07_S1404,Clarence Northeast,Hypocentre #6,Slip pattern #1404
ClarenceNE_HYP06-07_S1414,Clarence Northeast,Hypocentre #6,Slip pattern #1414
ClarenceNE_HYP04-07_S1334,Clarence Northeast,Hypocentre #4,Slip pattern #1334
ClarenceNE_HYP04-07_S1344,Clarence Northeast,Hypocentre #4,Slip pattern #1344
ClarenceNE_HYP07-07_S1434,Clarence Northeast,Hypocentre #7,Slip pattern #1434
ClarenceNE_HYP07-07_S1424,Clarence Northeast,Hypocentre #7,Slip pattern #1424
ClarenceSW_HYP02-04_S1294,Clarence Southwest,Hypocentre #2,Slip pattern #1294
ClarenceSW_HYP03-04_S1314,Clarence Southwest,Hypocentre #3,Slip pattern #1314
ClarenceSW_HYP02-04_S1274,Clarence Southwest,Hypocentre #2,Slip pattern #1274
ClarenceSW_HYP02-04_S1284,Clarence Southwest,Hypocentre #2,Slip pattern #1284
ClarenceSW_HYP01-04_S1264,Clarence Southwest,Hypocentre #1,Slip pattern #1264
ClarenceSW_HYP04-04_S1334,Clarence Southwest,Hypocentre #4,Slip pattern #1334
ClarenceSW_HYP03-04_S1304,Clarence Southwest,Hypocentre #3,Slip pattern #1304
ClarenceSW_HYP04-04_S1344,Clarence Southwest,Hypocentre #4,Slip pattern #1344
ClarenceSW_HYP04-04_S1354,Clarence Southwest,Hypocentre #4,Slip pattern #1354
ClarenceSW_HYP01-04_S1244,Clarence Southwest,Hypocentre #1,Slip pattern #1244
ClarenceSW_HYP03-04_S1324,Clarence Southwest,Hypocentre #3,Slip pattern #1324
ClarenceSW_HYP01-04_S1254,Clarence Southwest,Hypocentre #1,Slip pattern #1254
Cust_HYP02-02_S1274,Cust,Hypocentre #2,Slip pattern #1274
Cust_HYP01-02_S1264,Cust,Hypocentre #1,Slip pattern #1264
Cust_HYP02-02_S1294,Cust,Hypocentre #2,Slip pattern #1294
Cust_HYP01-02_S1254,Cust,Hypocentre #1,Slip pattern #1254
Cust_HYP01-02_S1244,Cust,Hypocentre #1,Slip pattern #1244
Cust_HYP02-02_S1284,Cust,Hypocentre #2,Slip pattern #1284
Dalgety_HYP02-02_S1274,Dalgety,Hypocentre #2,Slip pattern #1274
Dalgety_HYP02-02_S1294,Dalgety,Hypocentre #2,Slip pattern #1294
Dalgety_HYP01-02_S1254,Dalgety,Hypocentre #1,Slip pattern #1254
Dalgety_HYP02-02_S1284,Dalgety,Hypocentre #2,Slip pattern #1284
Dalgety_HYP01-02_S1244,Dalgety,Hypocentre #1,Slip pattern #1244
Dalgety_HYP01-02_S1264,Dalgety,Hypocentre #1,Slip pattern #1264
DoubleHill_HYP02-03_S1294,Double Hill,Hypocentre #2,Slip pattern #1294
DoubleHill_HYP01-03_S1254,Double Hill,Hypocentre #1,Slip pattern #1254
DoubleHill_HYP03-03_S1314,Double Hill,Hypocentre #3,Slip pattern #1314
DoubleHill_HYP03-03_S1304,Double Hill,Hypocentre #3,Slip pattern #1304
DoubleHill_HYP02-03_S1274,Double Hill,Hypocentre #2,Slip pattern #1274
DoubleHill_HYP01-03_S1264,Double Hill,Hypocentre #1,Slip pattern #1264
DoubleHill_HYP03-03_S1324,Double Hill,Hypocentre #3,Slip pattern #1324
DoubleHill_HYP02-03_S1284,Double Hill,Hypocentre #2,Slip pattern #1284
DoubleHill_HYP01-03_S1244,Double Hill,Hypocentre #1,Slip pattern #1244
Esk_HYP01-02_S1264,Esk,Hypocentre #1,Slip pattern #1264
Esk_HYP02-02_S1284,Esk,Hypocentre #2,Slip pattern #1284
Esk_HYP01-02_S1244,Esk,Hypocentre #1,Slip pattern #1244
Esk_HYP01-02_S1254,Esk,Hypocentre #1,Slip pattern #1254
Esk_HYP02-02_S1274,Esk,Hypocentre #2,Slip pattern #1274
Esk_HYP02-02_S1294,Esk,Hypocentre #2,Slip pattern #1294
Fidget_HYP02-02_S1284,Fidget,Hypocentre #2,Slip pattern #1284
Fidget_HYP02-02_S1274,Fidget,Hypocentre #2,Slip pattern #1274
Fidget_HYP01-02_S1254,Fidget,Hypocentre #1,Slip pattern #1254
Fidget_HYP01-02_S1264,Fidget,Hypocentre #1,Slip pattern #1264
Fidget_HYP02-02_S1294,Fidget,Hypocentre #2,Slip pattern #1294
Fidget_HYP01-02_S1244,Fidget,Hypocentre #1,Slip pattern #1244
Fowlers_HYP02-03_S1274,Fowlers,Hypocentre #2,Slip pattern #1274
Fowlers_HYP03-03_S1314,Fowlers,Hypocentre #3,Slip pattern #1314
Fowlers_HYP01-03_S1254,Fowlers,Hypocentre #1,Slip pattern #1254
Fowlers_HYP02-03_S1294,Fowlers,Hypocentre #2,Slip pattern #1294
Fowlers_HYP03-03_S1324,Fowlers,Hypocentre #3,Slip pattern #1324
Fowlers_HYP03-03_S1304,Fowlers,Hypocentre #3,Slip pattern #1304
Fowlers_HYP01-03_S1264,Fowlers,Hypocentre #1,Slip pattern #1264
Fowlers_HYP01-03_S1244,Fowlers,Hypocentre #1,Slip pattern #1244
Fowlers_HYP02-03_S1284,Fowlers,Hypocentre #2,Slip pattern #1284
FoxPk_HYP01-03_S1264,Fox Peak,Hypocentre #1,Slip pattern #1264
FoxPk_HYP01-03_S1244,Fox Peak,Hypocentre #1,Slip pattern #1244
FoxPk_HYP03-03_S1314,Fox Peak,Hypocentre #3,Slip pattern #1314
FoxPk_HYP01-03_S1254,Fox Peak,Hypocentre #1,Slip pattern #1254
FoxPk_HYP02-03_S1284,Fox Peak,Hypocentre #2,Slip pattern #1284
FoxPk_HYP03-03_S1304,Fox Peak,Hypocentre #3,Slip pattern #1304
FoxPk_HYP03-03_S1324,Fox Peak,Hypocentre #3,Slip pattern #1324
FoxPk_HYP02-03_S1274,Fox Peak,Hypocentre #2,Slip pattern #1274
FoxPk_HYP02-03_S1294,Fox Peak,Hypocentre #2,Slip pattern #1294
Hanmer_HYP01-01_S1254,Hanmer,Hypocentre #1,Slip pattern #1254
Hanmer_HYP01-01_S1244,Hanmer,Hypocentre #1,Slip pattern #1244
Hanmer_HYP01-01_S1264,Hanmer,Hypocentre #1,Slip pattern #1264
Harper_HYP01-02_S1264,Harper,Hypocentre #1,Slip pattern #1264
Harper_HYP02-02_S1274,Harper,Hypocentre #2,Slip pattern #1274
Harper_HYP01-02_S1244,Harper,Hypocentre #1,Slip pattern #1244
Harper_HYP01-02_S1254,Harper,Hypocentre #1,Slip pattern #1254
Harper_HYP02-02_S1294,Harper,Hypocentre #2,Slip pattern #1294
Harper_HYP02-02_S1284,Harper,Hypocentre #2,Slip pattern #1284
Hope1888_HYP02-03_S1284,Hope 1888,Hypocentre #2,Slip pattern #1284
Hope1888_HYP01-03_S1244,Hope 1888,Hypocentre #1,Slip pattern #1244
Hope1888_HYP03-03_S1304,Hope 1888,Hypocentre #3,Slip pattern #1304
Hope1888_HYP01-03_S1264,Hope 1888,Hypocentre #1,Slip pattern #1264
Hope1888_HYP03-03_S1324,Hope 1888,Hypocentre #3,Slip pattern #1324
Hope1888_HYP03-03_S1314,Hope 1888,Hypocentre #3,Slip pattern #1314
Hope1888_HYP02-03_S1274,Hope 1888,Hypocentre #2,Slip pattern #1274
Hope1888_HYP01-03_S1254,Hope 1888,Hypocentre #1,Slip pattern #1254
Hope1888_HYP02-03_S1294,Hope 1888,Hypocentre #2,Slip pattern #1294
HopeConway_HYP03-05_S1324,Hope Conway,Hypocentre #3,Slip pattern #1324
HopeConway_HYP02-05_S1274,Hope Conway,Hypocentre #2,Slip pattern #1274
HopeConway_HYP01-05_S1264,Hope Conway,Hypocentre #1,Slip pattern #1264
HopeConway_HYP01-05_S1254,Hope Conway,Hypocentre #1,Slip pattern #1254
HopeConway_HYP02-05_S1294,Hope Conway,Hypocentre #2,Slip pattern #1294
HopeConway_HYP03-05_S1314,Hope Conway,Hypocentre #3,Slip pattern #1314
HopeConway_HYP02-05_S1284,Hope Conway,Hypocentre #2,Slip pattern #1284
HopeConway_HYP05-05_S1364,Hope Conway,Hypocentre #5,Slip pattern #1364
HopeConway_HYP05-05_S1374,Hope Conway,Hypocentre #5,Slip pattern #1374
HopeConway_HYP04-05_S1334,Hope Conway,Hypocentre #4,Slip pattern #1334
HopeConway_HYP03-05_S1304,Hope Conway,Hypocentre #3,Slip pattern #1304
HopeConway_HYP01-05_S1244,Hope Conway,Hypocentre #1,Slip pattern #1244
HopeConway_HYP05-05_S1384,Hope Conway,Hypocentre #5,Slip pattern #1384
HopeConway_HYP04-05_S1344,Hope Conway,Hypocentre #4,Slip pattern #1344
HopeConway_HYP04-05_S1354,Hope Conway,Hypocentre #4,Slip pattern #1354
HopeConwayOS_HYP06-07_S1414,Hope Conway-Offshore,Hypocentre #6,Slip pattern #1414
HopeConwayOS_HYP02-07_S1274,Hope Conway-Offshore,Hypocentre #2,Slip pattern #1274
HopeConwayOS_HYP05-07_S1384,Hope Conway-Offshore,Hypocentre #5,Slip pattern #1384
HopeConwayOS_HYP03-07_S1314,Hope Conway-Offshore,Hypocentre #3,Slip pattern #1314
HopeConwayOS_HYP02-07_S1284,Hope Conway-Offshore,Hypocentre #2,Slip pattern #1284
HopeConwayOS_HYP04-07_S1354,Hope Conway-Offshore,Hypocentre #4,Slip pattern #1354
HopeConwayOS_HYP03-07_S1324,Hope Conway-Offshore,Hypocentre #3,Slip pattern #1324
HopeConwayOS_HYP05-07_S1364,Hope Conway-Offshore,Hypocentre #5,Slip pattern #1364
HopeConwayOS_HYP05-07_S1374,Hope Conway-Offshore,Hypocentre #5,Slip pattern #1374
HopeConwayOS_HYP02-07_S1294,Hope Conway-Offshore,Hypocentre #2,Slip pattern #1294
HopeConwayOS_HYP04-07_S1344,Hope Conway-Offshore,Hypocentre #4,Slip pattern #1344
HopeConwayOS_HYP06-07_S1394,Hope Conway-Offshore,Hypocentre #6,Slip pattern #1394
HopeConwayOS_HYP01-07_S1244,Hope Conway-Offshore,Hypocentre #1,Slip pattern #1244
HopeConwayOS_HYP07-07_S1434,Hope Conway-Offshore,Hypocentre #7,Slip pattern #1434
HopeConwayOS_HYP07-07_S1444,Hope Conway-Offshore,Hypocentre #7,Slip pattern #1444
HopeConwayOS_HYP01-07_S1254,Hope Conway-Offshore,Hypocentre #1,Slip pattern #1254
HopeConwayOS_HYP06-07_S1404,Hope Conway-Offshore,Hypocentre #6,Slip pattern #1404
HopeConwayOS_HYP01-07_S1264,Hope Conway-Offshore,Hypocentre #1,Slip pattern #1264
HopeConwayOS_HYP03-07_S1304,Hope Conway-Offshore,Hypocentre #3,Slip pattern #1304
HopeConwayOS_HYP04-07_S1334,Hope Conway-Offshore,Hypocentre #4,Slip pattern #1334
HopeConwayOS_HYP07-07_S1424,Hope Conway-Offshore,Hypocentre #7,Slip pattern #1424
HopeCW_HYP02-02_S1294,Hope Central-West,Hypocentre #2,Slip pattern #1294
HopeCW_HYP02-02_S1284,Hope Central-West,Hypocentre #2,Slip pattern #1284
HopeCW_HYP02-02_S1274,Hope Central-West,Hypocentre #2,Slip pattern #1274
HopeCW_HYP01-02_S1264,Hope Central-West,Hypocentre #1,Slip pattern #1264
HopeCW_HYP01-02_S1254,Hope Central-West,Hypocentre #1,Slip pattern #1254
HopeCW_HYP01-02_S1244,Hope Central-West,Hypocentre #1,Slip pattern #1244
HopeTARA_HYP02-02_S1274,Hope Taramakau,Hypocentre #2,Slip pattern #1274
HopeTARA_HYP02-02_S1284,Hope Taramakau,Hypocentre #2,Slip pattern #1284
HopeTARA_HYP01-02_S1244,Hope Taramakau,Hypocentre #1,Slip pattern #1244
HopeTARA_HYP02-02_S1294,Hope Taramakau,Hypocentre #2,Slip pattern #1294
HopeTARA_HYP01-02_S1264,Hope Taramakau,Hypocentre #1,Slip pattern #1264
HopeTARA_HYP01-02_S1254,Hope Taramakau,Hypocentre #1,Slip pattern #1254
HopeTeRapa1n2_HYP02-04_S1284,Hope Te Rapa 1 & 2,Hypocentre #2,Slip pattern #1284
HopeTeRapa1n2_HYP03-04_S1304,Hope Te Rapa 1 & 2,Hypocentre #3,Slip pattern #1304
HopeTeRapa1n2_HYP02-04_S1274,Hope Te Rapa 1 & 2,Hypocentre #2,Slip pattern #1274
HopeTeRapa1n2_HYP04-04_S1354,Hope Te Rapa 1 & 2,Hypocentre #4,Slip pattern #1354
HopeTeRapa1n2_HYP01-04_S1244,Hope Te Rapa 1 & 2,Hypocentre #1,Slip pattern #1244
HopeTeRapa1n2_HYP03-04_S1324,Hope Te Rapa 1 & 2,Hypocentre #3,Slip pattern #1324
HopeTeRapa1n2_HYP03-04_S1314,Hope Te Rapa 1 & 2,Hypocentre #3,Slip pattern #1314
HopeTeRapa1n2_HYP01-04_S1264,Hope Te Rapa 1 & 2,Hypocentre #1,Slip pattern #1264
HopeTeRapa1n2_HYP02-04_S1294,Hope Te Rapa 1 & 2,Hypocentre #2,Slip pattern #1294
HopeTeRapa1n2_HYP04-04_S1344,Hope Te Rapa 1 & 2,Hypocentre #4,Slip pattern #1344
HopeTeRapa1n2_HYP01-04_S1254,Hope Te Rapa 1 & 2,Hypocentre #1,Slip pattern #1254
HopeTeRapa1n2_HYP04-04_S1334,Hope Te Rapa 1 & 2,Hypocentre #4,Slip pattern #1334
Hororata_HYP01-03_S1264,Hororata,Hypocentre #1,Slip pattern #1264
Hororata_HYP03-03_S1304,Hororata,Hypocentre #3,Slip pattern #1304
Hororata_HYP01-03_S1254,Hororata,Hypocentre #1,Slip pattern #1254
Hororata_HYP03-03_S1314,Hororata,Hypocentre #3,Slip pattern #1314
Hororata_HYP01-03_S1244,Hororata,Hypocentre #1,Slip pattern #1244
Hororata_HYP03-03_S1324,Hororata,Hypocentre #3,Slip pattern #1324
Hororata_HYP02-03_S1284,Hororata,Hypocentre #2,Slip pattern #1284
Hororata_HYP02-03_S1274,Hororata,Hypocentre #2,Slip pattern #1274
Hororata_HYP02-03_S1294,Hororata,Hypocentre #2,Slip pattern #1294
Hundalee_HYP02-03_S1294,Hundalee,Hypocentre #2,Slip pattern #1294
Hundalee_HYP03-03_S1304,Hundalee,Hypocentre #3,Slip pattern #1304
Hundalee_HYP01-03_S1264,Hundalee,Hypocentre #1,Slip pattern #1264
Hundalee_HYP01-03_S1254,Hundalee,Hypocentre #1,Slip pattern #1254
Hundalee_HYP01-03_S1244,Hundalee,Hypocentre #1,Slip pattern #1244
Hundalee_HYP03-03_S1324,Hundalee,Hypocentre #3,Slip pattern #1324
Hundalee_HYP02-03_S1284,Hundalee,Hypocentre #2,Slip pattern #1284
Hundalee_HYP03-03_S1314,Hundalee,Hypocentre #3,Slip pattern #1314
Hundalee_HYP02-03_S1274,Hundalee,Hypocentre #2,Slip pattern #1274
Hunter_HYP02-03_S1274,Hunter,Hypocentre #2,Slip pattern #1274
Hunter_HYP01-03_S1264,Hunter,Hypocentre #1,Slip pattern #1264
Hunter_HYP02-03_S1294,Hunter,Hypocentre #2,Slip pattern #1294
Hunter_HYP02-03_S1284,Hunter,Hypocentre #2,Slip pattern #1284
Hunter_HYP01-03_S1244,Hunter,Hypocentre #1,Slip pattern #1244
Hunter_HYP03-03_S1324,Hunter,Hypocentre #3,Slip pattern #1324
Hunter_HYP03-03_S1304,Hunter,Hypocentre #3,Slip pattern #1304
Hunter_HYP01-03_S1254,Hunter,Hypocentre #1,Slip pattern #1254
Hunter_HYP03-03_S1314,Hunter,Hypocentre #3,Slip pattern #1314
HuttPeelNorth_HYP03-03_S1314,Hutt Peel (North),Hypocentre #3,Slip pattern #1314
HuttPeelNorth_HYP02-03_S1284,Hutt Peel (North),Hypocentre #2,Slip pattern #1284
HuttPeelNorth_HYP02-03_S1274,Hutt Peel (North),Hypocentre #2,Slip pattern #1274
HuttPeelNorth_HYP01-03_S1254,Hutt Peel (North),Hypocentre #1,Slip pattern #1254
HuttPeelNorth_HYP03-03_S1324,Hutt Peel (North),Hypocentre #3,Slip pattern #1324
HuttPeelNorth_HYP02-03_S1294,Hutt Peel (North),Hypocentre #2,Slip pattern #1294
HuttPeelNorth_HYP01-03_S1244,Hutt Peel (North),Hypocentre #1,Slip pattern #1244
HuttPeelNorth_HYP03-03_S1304,Hutt Peel (North),Hypocentre #3,Slip pattern #1304
HuttPeelNorth_HYP01-03_S1264,Hutt Peel (North),Hypocentre #1,Slip pattern #1264
HuttPeelSouth_HYP01-03_S1244,Hutt Peel,Hypocentre #1,Slip pattern #1244
HuttPeelSouth_HYP03-03_S1314,Hutt Peel,Hypocentre #3,Slip pattern #1314
HuttPeelSouth_HYP01-03_S1254,Hutt Peel,Hypocentre #1,Slip pattern #1254
HuttPeelSouth_HYP02-03_S1284,Hutt Peel,Hypocentre #2,Slip pattern #1284
HuttPeelSouth_HYP02-03_S1274,Hutt Peel,Hypocentre #2,Slip pattern #1274
HuttPeelSouth_HYP03-03_S1324,Hutt Peel,Hypocentre #3,Slip pattern #1324
HuttPeelSouth_HYP02-03_S1294,Hutt Peel,Hypocentre #2,Slip pattern #1294
HuttPeelSouth_HYP01-03_S1264,Hutt Peel,Hypocentre #1,Slip pattern #1264
HuttPeelSouth_HYP03-03_S1304,Hutt Peel,Hypocentre #3,Slip pattern #1304
Inangahua_HYP01-02_S1254,Inangahua,Hypocentre #1,Slip pattern #1254
Inangahua_HYP02-02_S1284,Inangahua,Hypocentre #2,Slip pattern #1284
Inangahua_HYP02-02_S1274,Inangahua,Hypocentre #2,Slip pattern #1274
Inangahua_HYP01-02_S1244,Inangahua,Hypocentre #1,Slip pattern #1244
Inangahua_HYP02-02_S1294,Inangahua,Hypocentre #2,Slip pattern #1294
Inangahua_HYP01-02_S1264,Inangahua,Hypocentre #1,Slip pattern #1264
IrishmanC_HYP01-02_S1264,Irishman Creek,Hypocentre #1,Slip pattern #1264
IrishmanC_HYP02-02_S1274,Irishman Creek,Hypocentre #2,Slip pattern #1274
IrishmanC_HYP02-02_S1294,Irishman Creek,Hypocentre #2,Slip pattern #1294
IrishmanC_HYP02-02_S1284,Irishman Creek,Hypocentre #2,Slip pattern #1284
IrishmanC_HYP01-02_S1254,Irishman Creek,Hypocentre #1,Slip pattern #1254
IrishmanC_HYP01-02_S1244,Irishman Creek,Hypocentre #1,Slip pattern #1244
JorKekCha_HYP05-05_S1374,Jordan-Kekerengu-Chancet,Hypocentre #5,Slip pattern #1374
JorKekCha_HYP02-05_S1274,Jordan-Kekerengu-Chancet,Hypocentre #2,Slip pattern #1274
JorKekCha_HYP05-05_S1364,Jordan-Kekerengu-Chancet,Hypocentre #5,Slip pattern #1364
JorKekCha_HYP02-05_S1294,Jordan-Kekerengu-Chancet,Hypocentre #2,Slip pattern #1294
JorKekCha_HYP03-05_S1324,Jordan-Kekerengu-Chancet,Hypocentre #3,Slip pattern #1324
JorKekCha_HYP01-05_S1254,Jordan-Kekerengu-Chancet,Hypocentre #1,Slip pattern #1254
JorKekCha_HYP04-05_S1334,Jordan-Kekerengu-Chancet,Hypocentre #4,Slip pattern #1334
JorKekCha_HYP01-05_S1264,Jordan-Kekerengu-Chancet,Hypocentre #1,Slip pattern #1264
JorKekCha_HYP04-05_S1354,Jordan-Kekerengu-Chancet,Hypocentre #4,Slip pattern #1354
JorKekCha_HYP02-05_S1284,Jordan-Kekerengu-Chancet,Hypocentre #2,Slip pattern #1284
JorKekCha_HYP04-05_S1344,Jordan-Kekerengu-Chancet,Hypocentre #4,Slip pattern #1344
JorKekCha_HYP05-05_S1384,Jordan-Kekerengu-Chancet,Hypocentre #5,Slip pattern #1384
JorKekCha_HYP01-05_S1244,Jordan-Kekerengu-Chancet,Hypocentre #1,Slip pattern #1244
JorKekCha_HYP03-05_S1304,Jordan-Kekerengu-Chancet,Hypocentre #3,Slip pattern #1304
JorKekCha_HYP03-05_S1314,Jordan-Kekerengu-Chancet,Hypocentre #3,Slip pattern #1314
JorKekNeed_HYP02-05_S1284,Jordan-Kekerengu-Needles,Hypocentre #2,Slip pattern #1284
JorKekNeed_HYP03-05_S1314,Jordan-Kekerengu-Needles,Hypocentre #3,Slip pattern #1314
JorKekNeed_HYP01-05_S1254,Jordan-Kekerengu-Needles,Hypocentre #1,Slip pattern #1254
JorKekNeed_HYP05-05_S1384,Jordan-Kekerengu-Needles,Hypocentre #5,Slip pattern #1384
JorKekNeed_HYP04-05_S1344,Jordan-Kekerengu-Needles,Hypocentre #4,Slip pattern #1344
JorKekNeed_HYP05-05_S1364,Jordan-Kekerengu-Needles,Hypocentre #5,Slip pattern #1364
JorKekNeed_HYP01-05_S1244,Jordan-Kekerengu-Needles,Hypocentre #1,Slip pattern #1244
JorKekNeed_HYP03-05_S1304,Jordan-Kekerengu-Needles,Hypocentre #3,Slip pattern #1304
JorKekNeed_HYP05-05_S1374,Jordan-Kekerengu-Needles,Hypocentre #5,Slip pattern #1374
JorKekNeed_HYP04-05_S1334,Jordan-Kekerengu-Needles,Hypocentre #4,Slip pattern #1334
JorKekNeed_HYP04-05_S1354,Jordan-Kekerengu-Needles,Hypocentre #4,Slip pattern #1354
JorKekNeed_HYP03-05_S1324,Jordan-Kekerengu-Needles,Hypocentre #3,Slip pattern #1324
JorKekNeed_HYP02-05_S1294,Jordan-Kekerengu-Needles,Hypocentre #2,Slip pattern #1294
JorKekNeed_HYP02-05_S1274,Jordan-Kekerengu-Needles,Hypocentre #2,Slip pattern #1274
JorKekNeed_HYP01-05_S1264,Jordan-Kekerengu-Needles,Hypocentre #1,Slip pattern #1264
